2025-04-30T22:44:51.736+05:30  INFO 11780 --- [MediBoot] [restartedMain] com.medico.MediBootApplication           : Starting MediBootApplication using Java 21.0.6 with PID 11780 (C:\Users\pavan\Documents\workspace-spring-tool-suite-4-4.29.1.RELEASE\MediBoot\target\classes started by pavan in C:\Users\pavan\Documents\workspace-spring-tool-suite-4-4.29.1.RELEASE\MediBoot)
2025-04-30T22:44:51.736+05:30  INFO 11780 --- [MediBoot] [restartedMain] com.medico.MediBootApplication           : No active profile set, falling back to 1 default profile: "default"
2025-04-30T22:44:51.894+05:30  INFO 11780 --- [MediBoot] [restartedMain] .s.d.r.c.RepositoryConfigurationDelegate : Bootstrapping Spring Data JPA repositories in DEFAULT mode.
2025-04-30T22:44:51.907+05:30  INFO 11780 --- [MediBoot] [restartedMain] .s.d.r.c.RepositoryConfigurationDelegate : Finished Spring Data repository scanning in 5 ms. Found 1 JPA repository interface.
2025-04-30T22:44:51.975+05:30  INFO 11780 --- [MediBoot] [restartedMain] o.s.b.w.embedded.tomcat.TomcatWebServer  : Tomcat initialized with port 8080 (http)
2025-04-30T22:44:51.976+05:30  INFO 11780 --- [MediBoot] [restartedMain] o.apache.catalina.core.StandardService   : Starting service [Tomcat]
2025-04-30T22:44:51.976+05:30  INFO 11780 --- [MediBoot] [restartedMain] o.apache.catalina.core.StandardEngine    : Starting Servlet engine: [Apache Tomcat/10.1.40]
2025-04-30T22:44:51.991+05:30  INFO 11780 --- [MediBoot] [restartedMain] o.a.c.c.C.[Tomcat].[localhost].[/]       : Initializing Spring embedded WebApplicationContext
2025-04-30T22:44:51.991+05:30  INFO 11780 --- [MediBoot] [restartedMain] w.s.c.ServletWebServerApplicationContext : Root WebApplicationContext: initialization completed in 253 ms
2025-04-30T22:44:52.023+05:30  INFO 11780 --- [MediBoot] [restartedMain] o.hibernate.jpa.internal.util.LogHelper  : HHH000204: Processing PersistenceUnitInfo [name: default]
2025-04-30T22:44:52.025+05:30  INFO 11780 --- [MediBoot] [restartedMain] o.h.c.internal.RegionFactoryInitiator    : HHH000026: Second-level cache disabled
2025-04-30T22:44:52.034+05:30  INFO 11780 --- [MediBoot] [restartedMain] o.s.o.j.p.SpringPersistenceUnitInfo      : No LoadTimeWeaver setup: ignoring JPA class transformer
2025-04-30T22:44:52.035+05:30  INFO 11780 --- [MediBoot] [restartedMain] com.zaxxer.hikari.HikariDataSource       : HikariPool-14 - Starting...
2025-04-30T22:44:52.047+05:30  INFO 11780 --- [MediBoot] [restartedMain] com.zaxxer.hikari.pool.HikariPool        : HikariPool-14 - Added connection com.mysql.cj.jdbc.ConnectionImpl@29686ece
2025-04-30T22:44:52.047+05:30  INFO 11780 --- [MediBoot] [restartedMain] com.zaxxer.hikari.HikariDataSource       : HikariPool-14 - Start completed.
2025-04-30T22:44:52.049+05:30  INFO 11780 --- [MediBoot] [restartedMain] org.hibernate.orm.connections.pooling    : HHH10001005: Database info:
	Database JDBC URL [Connecting through datasource 'HikariDataSource (HikariPool-14)']
	Database driver: undefined/unknown
	Database version: 8.0.41
	Autocommit mode: undefined/unknown
	Isolation level: undefined/unknown
	Minimum pool size: undefined/unknown
	Maximum pool size: undefined/unknown
2025-04-30T22:44:52.077+05:30  INFO 11780 --- [MediBoot] [restartedMain] o.h.e.t.j.p.i.JtaPlatformInitiator       : HHH000489: No JTA platform available (set 'hibernate.transaction.jta.platform' to enable JTA platform integration)
2025-04-30T22:44:52.092+05:30  INFO 11780 --- [MediBoot] [restartedMain] j.LocalContainerEntityManagerFactoryBean : Initialized JPA EntityManagerFactory for persistence unit 'default'
2025-04-30T22:44:52.164+05:30  WARN 11780 --- [MediBoot] [restartedMain] JpaBaseConfiguration$JpaWebConfiguration : spring.jpa.open-in-view is enabled by default. Therefore, database queries may be performed during view rendering. Explicitly configure spring.jpa.open-in-view to disable this warning
2025-04-30T22:44:52.214+05:30  INFO 11780 --- [MediBoot] [restartedMain] o.s.v.b.OptionalValidatorFactoryBean     : Failed to set up a Bean Validation provider: jakarta.validation.NoProviderFoundException: Unable to create a Configuration, because no Jakarta Bean Validation provider could be found. Add a provider like Hibernate Validator (RI) to your classpath.
2025-04-30T22:44:52.224+05:30 DEBUG 11780 --- [MediBoot] [restartedMain] s.w.s.m.m.a.RequestMappingHandlerMapping : 13 mappings in 'requestMappingHandlerMapping'
2025-04-30T22:44:52.245+05:30 DEBUG 11780 --- [MediBoot] [restartedMain] o.s.w.s.handler.SimpleUrlHandlerMapping  : Patterns [/webjars/**, /**, /swagger-ui*/*swagger-initializer.js, /swagger-ui*/**] in 'resourceHandlerMapping'
2025-04-30T22:44:52.252+05:30 DEBUG 11780 --- [MediBoot] [restartedMain] s.w.s.m.m.a.RequestMappingHandlerAdapter : ControllerAdvice beans: 0 @ModelAttribute, 0 @InitBinder, 1 RequestBodyAdvice, 1 ResponseBodyAdvice
2025-04-30T22:44:52.256+05:30 DEBUG 11780 --- [MediBoot] [restartedMain] .m.m.a.ExceptionHandlerExceptionResolver : ControllerAdvice beans: 2 @ExceptionHandler, 1 ResponseBodyAdvice
2025-04-30T22:44:52.281+05:30  INFO 11780 --- [MediBoot] [restartedMain] o.s.b.d.a.OptionalLiveReloadServer       : LiveReload server is running on port 35729
2025-04-30T22:44:52.301+05:30  INFO 11780 --- [MediBoot] [restartedMain] o.s.b.w.embedded.tomcat.TomcatWebServer  : Tomcat started on port 8080 (http) with context path '/'
2025-04-30T22:44:52.306+05:30  INFO 11780 --- [MediBoot] [restartedMain] com.medico.MediBootApplication           : Started MediBootApplication in 0.585 seconds (process running for 4794.055)
2025-04-30T22:44:52.307+05:30  INFO 11780 --- [MediBoot] [restartedMain] .ConditionEvaluationDeltaLoggingListener : Condition evaluation unchanged
2025-04-30T22:58:33.349+05:30  INFO 11780 --- [MediBoot] [RMI TCP Connection(43)-127.0.0.1] inMXBeanRegistrar$SpringApplicationAdmin : Application shutdown requested.
2025-04-30T22:58:33.351+05:30  INFO 11780 --- [MediBoot] [RMI TCP Connection(43)-127.0.0.1] o.s.b.w.e.tomcat.GracefulShutdown        : Commencing graceful shutdown. Waiting for active requests to complete
2025-04-30T22:58:33.408+05:30  INFO 11780 --- [MediBoot] [tomcat-shutdown] o.s.b.w.e.tomcat.GracefulShutdown        : Graceful shutdown complete
2025-04-30T22:58:33.412+05:30  INFO 11780 --- [MediBoot] [RMI TCP Connection(43)-127.0.0.1] j.LocalContainerEntityManagerFactoryBean : Closing JPA EntityManagerFactory for persistence unit 'default'
2025-04-30T22:58:33.412+05:30  INFO 11780 --- [MediBoot] [RMI TCP Connection(43)-127.0.0.1] com.zaxxer.hikari.HikariDataSource       : HikariPool-14 - Shutdown initiated...
2025-04-30T22:58:33.424+05:30  INFO 11780 --- [MediBoot] [RMI TCP Connection(43)-127.0.0.1] com.zaxxer.hikari.HikariDataSource       : HikariPool-14 - Shutdown completed.
